<?xml version="1.0" encoding="UTF-8"?>
<testsuite name="com.example.StoreDemoIntellijApplicationTests" tests="1" skipped="0" failures="0" errors="0" timestamp="2015-11-20T18:05:52" hostname="LW002JLUTZ264" time="0.005">
  <properties/>
  <testcase name="contextLoads" classname="com.example.StoreDemoIntellijApplicationTests" time="0.005"/>
  <system-out><![CDATA[13:05:47.352 [Test worker] DEBUG o.s.t.c.j.SpringJUnit4ClassRunner - SpringJUnit4ClassRunner constructor called with [class com.example.StoreDemoIntellijApplicationTests]
13:05:47.359 [Test worker] DEBUG o.s.test.context.BootstrapUtils - Instantiating CacheAwareContextLoaderDelegate from class [org.springframework.test.context.cache.DefaultCacheAwareContextLoaderDelegate]
13:05:47.371 [Test worker] DEBUG o.s.test.context.BootstrapUtils - Instantiating BootstrapContext using constructor [public org.springframework.test.context.support.DefaultBootstrapContext(java.lang.Class,org.springframework.test.context.CacheAwareContextLoaderDelegate)]
13:05:47.389 [Test worker] DEBUG o.s.test.context.BootstrapUtils - Instantiating TestContextBootstrapper for test class [com.example.StoreDemoIntellijApplicationTests] from class [org.springframework.test.context.web.WebTestContextBootstrapper]
13:05:47.427 [Test worker] DEBUG o.s.t.c.w.WebTestContextBootstrapper - Found explicit ContextLoader class [org.springframework.boot.test.SpringApplicationContextLoader] for context configuration attributes [ContextConfigurationAttributes@686a6a1d declaringClass = 'com.example.StoreDemoIntellijApplicationTests', classes = '{class com.example.StoreDemoIntellijApplication}', locations = '{}', inheritLocations = true, initializers = '{}', inheritInitializers = true, name = [null], contextLoaderClass = 'org.springframework.boot.test.SpringApplicationContextLoader']
13:05:47.443 [Test worker] DEBUG o.s.t.c.s.AbstractContextLoader - Did not detect default resource location for test class [com.example.StoreDemoIntellijApplicationTests]: class path resource [com/example/StoreDemoIntellijApplicationTests-context.xml] does not exist
13:05:47.444 [Test worker] DEBUG o.s.t.c.s.AbstractContextLoader - Did not detect default resource location for test class [com.example.StoreDemoIntellijApplicationTests]: class path resource [com/example/StoreDemoIntellijApplicationTestsContext.groovy] does not exist
13:05:47.444 [Test worker] INFO  o.s.t.c.s.AbstractContextLoader - Could not detect default resource locations for test class [com.example.StoreDemoIntellijApplicationTests]: no resource found for suffixes {-context.xml, Context.groovy}.
13:05:47.448 [Test worker] DEBUG o.s.t.c.support.ActiveProfilesUtils - Could not find an 'annotation declaring class' for annotation type [org.springframework.test.context.ActiveProfiles] and class [com.example.StoreDemoIntellijApplicationTests]
13:05:47.454 [Test worker] DEBUG o.s.t.c.w.WebTestContextBootstrapper - @TestExecutionListeners is not present for class [com.example.StoreDemoIntellijApplicationTests]: using defaults.
13:05:47.472 [Test worker] INFO  o.s.t.c.w.WebTestContextBootstrapper - Loaded default TestExecutionListener class names from location [META-INF/spring.factories]: [org.springframework.test.context.web.ServletTestExecutionListener, org.springframework.test.context.support.DirtiesContextBeforeModesTestExecutionListener, org.springframework.test.context.support.DependencyInjectionTestExecutionListener, org.springframework.test.context.support.DirtiesContextTestExecutionListener, org.springframework.test.context.transaction.TransactionalTestExecutionListener, org.springframework.test.context.jdbc.SqlScriptsTestExecutionListener]
13:05:47.507 [Test worker] INFO  o.s.t.c.w.WebTestContextBootstrapper - Using TestExecutionListeners: [org.springframework.test.context.web.ServletTestExecutionListener@28e38d00, org.springframework.test.context.support.DirtiesContextBeforeModesTestExecutionListener@7cd13ab3, org.springframework.test.context.support.DependencyInjectionTestExecutionListener@7a58b02d, org.springframework.test.context.support.DirtiesContextTestExecutionListener@775eae88, org.springframework.test.context.transaction.TransactionalTestExecutionListener@43e1b6ee, org.springframework.test.context.jdbc.SqlScriptsTestExecutionListener@36900883]
13:05:47.511 [Test worker] DEBUG o.s.t.annotation.ProfileValueUtils - Retrieved @ProfileValueSourceConfiguration [null] for test class [com.example.StoreDemoIntellijApplicationTests]
13:05:47.512 [Test worker] DEBUG o.s.t.annotation.ProfileValueUtils - Retrieved ProfileValueSource type [class org.springframework.test.annotation.SystemProfileValueSource] for class [com.example.StoreDemoIntellijApplicationTests]
13:05:47.513 [Test worker] DEBUG o.s.t.annotation.ProfileValueUtils - Retrieved @ProfileValueSourceConfiguration [null] for test class [com.example.StoreDemoIntellijApplicationTests]
13:05:47.514 [Test worker] DEBUG o.s.t.annotation.ProfileValueUtils - Retrieved ProfileValueSource type [class org.springframework.test.annotation.SystemProfileValueSource] for class [com.example.StoreDemoIntellijApplicationTests]
13:05:47.518 [Test worker] DEBUG o.s.t.c.s.AbstractDirtiesContextTestExecutionListener - Before test class: context [DefaultTestContext@5f3f7c78 testClass = StoreDemoIntellijApplicationTests, testInstance = [null], testMethod = [null], testException = [null], mergedContextConfiguration = [WebMergedContextConfiguration@7bbc975c testClass = StoreDemoIntellijApplicationTests, locations = '{}', classes = '{class com.example.StoreDemoIntellijApplication}', contextInitializerClasses = '[]', activeProfiles = '{}', propertySourceLocations = '{}', propertySourceProperties = '{}', resourceBasePath = 'src/main/webapp', contextLoader = 'org.springframework.boot.test.SpringApplicationContextLoader', parent = [null]]], class annotated with @DirtiesContext [false] with mode [null].
13:05:47.519 [Test worker] DEBUG o.s.t.annotation.ProfileValueUtils - Retrieved @ProfileValueSourceConfiguration [null] for test class [com.example.StoreDemoIntellijApplicationTests]
13:05:47.519 [Test worker] DEBUG o.s.t.annotation.ProfileValueUtils - Retrieved ProfileValueSource type [class org.springframework.test.annotation.SystemProfileValueSource] for class [com.example.StoreDemoIntellijApplicationTests]
13:05:47.587 [Test worker] DEBUG o.s.core.env.StandardEnvironment - Adding [systemProperties] PropertySource with lowest search precedence
13:05:47.588 [Test worker] DEBUG o.s.core.env.StandardEnvironment - Adding [systemEnvironment] PropertySource with lowest search precedence
13:05:47.588 [Test worker] DEBUG o.s.core.env.StandardEnvironment - Initialized StandardEnvironment with PropertySources [systemProperties,systemEnvironment]
13:05:47.589 [Test worker] DEBUG o.s.core.env.StandardEnvironment - Adding [integrationTest] PropertySource with search precedence immediately lower than [systemEnvironment]

  .   ____          _            __ _ _
 /\\ / ___'_ __ _ _(_)_ __  __ _ \ \ \ \
( ( )\___ | '_ | '_| | '_ \/ _` | \ \ \ \
 \\/  ___)| |_)| | | | | || (_| |  ) ) ) )
  '  |____| .__|_| |_|_| |_\__, | / / / /
 =========|_|==============|___/=/_/_/_/
 :: Spring Boot ::        (v1.3.0.RELEASE)

2015-11-20 13:05:48.011  INFO 10464 --- [    Test worker] c.e.StoreDemoIntellijApplicationTests    : Starting StoreDemoIntellijApplicationTests on LW002JLUTZ264 with PID 10464 (C:\Users\jlutz\IdeaProjects\StoreDemoIntellij\build\classes\test started by jlutz in C:\Users\jlutz\IdeaProjects\StoreDemoIntellij)
2015-11-20 13:05:48.013  INFO 10464 --- [    Test worker] c.e.StoreDemoIntellijApplicationTests    : No profiles are active
2015-11-20 13:05:48.132  INFO 10464 --- [    Test worker] o.s.w.c.s.GenericWebApplicationContext   : Refreshing org.springframework.web.context.support.GenericWebApplicationContext@7226e2f5: startup date [Fri Nov 20 13:05:48 EST 2015]; root of context hierarchy
2015-11-20 13:05:49.430  INFO 10464 --- [    Test worker] o.s.b.f.s.DefaultListableBeanFactory     : Overriding bean definition for bean 'beanNameViewResolver' with a different definition: replacing [Root bean: class [null]; scope=; abstract=false; lazyInit=false; autowireMode=3; dependencyCheck=0; autowireCandidate=true; primary=false; factoryBeanName=org.springframework.boot.autoconfigure.web.ErrorMvcAutoConfiguration$WhitelabelErrorViewConfiguration; factoryMethodName=beanNameViewResolver; initMethodName=null; destroyMethodName=(inferred); defined in class path resource [org/springframework/boot/autoconfigure/web/ErrorMvcAutoConfiguration$WhitelabelErrorViewConfiguration.class]] with [Root bean: class [null]; scope=; abstract=false; lazyInit=false; autowireMode=3; dependencyCheck=0; autowireCandidate=true; primary=false; factoryBeanName=org.springframework.boot.autoconfigure.web.WebMvcAutoConfiguration$WebMvcAutoConfigurationAdapter; factoryMethodName=beanNameViewResolver; initMethodName=null; destroyMethodName=(inferred); defined in class path resource [org/springframework/boot/autoconfigure/web/WebMvcAutoConfiguration$WebMvcAutoConfigurationAdapter.class]]
2015-11-20 13:05:50.012  INFO 10464 --- [    Test worker] trationDelegate$BeanPostProcessorChecker : Bean 'org.springframework.transaction.annotation.ProxyTransactionManagementConfiguration' of type [class org.springframework.transaction.annotation.ProxyTransactionManagementConfiguration$$EnhancerBySpringCGLIB$$f83652fd] is not eligible for getting processed by all BeanPostProcessors (for example: not eligible for auto-proxying)
2015-11-20 13:05:50.444  INFO 10464 --- [    Test worker] j.LocalContainerEntityManagerFactoryBean : Building JPA container EntityManagerFactory for persistence unit 'default'
2015-11-20 13:05:50.472  INFO 10464 --- [    Test worker] o.hibernate.jpa.internal.util.LogHelper  : HHH000204: Processing PersistenceUnitInfo [
	name: default
	...]
2015-11-20 13:05:50.560  INFO 10464 --- [    Test worker] org.hibernate.Version                    : HHH000412: Hibernate Core {4.3.11.Final}
2015-11-20 13:05:50.563  INFO 10464 --- [    Test worker] org.hibernate.cfg.Environment            : HHH000206: hibernate.properties not found
2015-11-20 13:05:50.565  INFO 10464 --- [    Test worker] org.hibernate.cfg.Environment            : HHH000021: Bytecode provider name : javassist
2015-11-20 13:05:50.735  INFO 10464 --- [    Test worker] o.hibernate.annotations.common.Version   : HCANN000001: Hibernate Commons Annotations {4.0.5.Final}
2015-11-20 13:05:51.309  INFO 10464 --- [    Test worker] org.hibernate.dialect.Dialect            : HHH000400: Using dialect: org.hibernate.dialect.PostgreSQLDialect
2015-11-20 13:05:51.319  INFO 10464 --- [    Test worker] o.h.e.jdbc.internal.LobCreatorBuilder    : HHH000424: Disabling contextual LOB creation as createClob() method threw error : java.lang.reflect.InvocationTargetException
2015-11-20 13:05:51.362  INFO 10464 --- [    Test worker] o.h.h.i.ast.ASTQueryTranslatorFactory    : HHH000397: Using ASTQueryTranslatorFactory
2015-11-20 13:05:51.688  INFO 10464 --- [    Test worker] org.hibernate.tool.hbm2ddl.SchemaUpdate  : HHH000228: Running hbm2ddl schema update
2015-11-20 13:05:51.689  INFO 10464 --- [    Test worker] org.hibernate.tool.hbm2ddl.SchemaUpdate  : HHH000102: Fetching database metadata
2015-11-20 13:05:51.693  INFO 10464 --- [    Test worker] org.hibernate.tool.hbm2ddl.SchemaUpdate  : HHH000396: Updating schema
2015-11-20 13:05:51.694  INFO 10464 --- [    Test worker] org.hibernate.tool.hbm2ddl.SchemaUpdate  : HHH000232: Schema update complete
2015-11-20 13:05:52.442  INFO 10464 --- [    Test worker] s.w.s.m.m.a.RequestMappingHandlerAdapter : Looking for @ControllerAdvice: org.springframework.web.context.support.GenericWebApplicationContext@7226e2f5: startup date [Fri Nov 20 13:05:48 EST 2015]; root of context hierarchy
2015-11-20 13:05:52.531  INFO 10464 --- [    Test worker] s.w.s.m.m.a.RequestMappingHandlerMapping : Mapped "{[/error]}" onto public org.springframework.http.ResponseEntity<java.util.Map<java.lang.String, java.lang.Object>> org.springframework.boot.autoconfigure.web.BasicErrorController.error(javax.servlet.http.HttpServletRequest)
2015-11-20 13:05:52.532  INFO 10464 --- [    Test worker] s.w.s.m.m.a.RequestMappingHandlerMapping : Mapped "{[/error],produces=[text/html]}" onto public org.springframework.web.servlet.ModelAndView org.springframework.boot.autoconfigure.web.BasicErrorController.errorHtml(javax.servlet.http.HttpServletRequest)
2015-11-20 13:05:52.538  INFO 10464 --- [    Test worker] o.s.w.s.c.a.WebMvcConfigurerAdapter      : Adding welcome page: ServletContext resource [/index.html]
2015-11-20 13:05:52.551  INFO 10464 --- [    Test worker] o.s.w.s.handler.SimpleUrlHandlerMapping  : Root mapping to handler of type [class org.springframework.web.servlet.mvc.ParameterizableViewController]
2015-11-20 13:05:52.564  INFO 10464 --- [    Test worker] o.s.w.s.handler.SimpleUrlHandlerMapping  : Mapped URL path [/webjars/**] onto handler of type [class org.springframework.web.servlet.resource.ResourceHttpRequestHandler]
2015-11-20 13:05:52.565  INFO 10464 --- [    Test worker] o.s.w.s.handler.SimpleUrlHandlerMapping  : Mapped URL path [/**] onto handler of type [class org.springframework.web.servlet.resource.ResourceHttpRequestHandler]
2015-11-20 13:05:52.610  INFO 10464 --- [    Test worker] o.s.w.s.handler.SimpleUrlHandlerMapping  : Mapped URL path [/**/favicon.ico] onto handler of type [class org.springframework.web.servlet.resource.ResourceHttpRequestHandler]
2015-11-20 13:05:52.863  INFO 10464 --- [    Test worker] c.e.StoreDemoIntellijApplicationTests    : Started StoreDemoIntellijApplicationTests in 5.256 seconds (JVM running for 6.287)
]]></system-out>
  <system-err><![CDATA[]]></system-err>
</testsuite>
