<?xml version="1.0" encoding="UTF-8"?>
<testsuite name="com.example.StoreDemoIntellijApplicationTests" tests="1" skipped="0" failures="0" errors="0" timestamp="2015-12-23T20:25:11" hostname="LW002JLUTZ264" time="0.003">
  <properties/>
  <testcase name="contextLoads" classname="com.example.StoreDemoIntellijApplicationTests" time="0.003"/>
  <system-out><![CDATA[15:25:01.110 [Test worker] DEBUG o.s.t.c.j.SpringJUnit4ClassRunner - SpringJUnit4ClassRunner constructor called with [class com.example.StoreDemoIntellijApplicationTests]
15:25:01.119 [Test worker] DEBUG o.s.test.context.BootstrapUtils - Instantiating CacheAwareContextLoaderDelegate from class [org.springframework.test.context.cache.DefaultCacheAwareContextLoaderDelegate]
15:25:01.130 [Test worker] DEBUG o.s.test.context.BootstrapUtils - Instantiating BootstrapContext using constructor [public org.springframework.test.context.support.DefaultBootstrapContext(java.lang.Class,org.springframework.test.context.CacheAwareContextLoaderDelegate)]
15:25:01.144 [Test worker] DEBUG o.s.test.context.BootstrapUtils - Instantiating TestContextBootstrapper for test class [com.example.StoreDemoIntellijApplicationTests] from class [org.springframework.test.context.web.WebTestContextBootstrapper]
15:25:01.171 [Test worker] DEBUG o.s.t.c.w.WebTestContextBootstrapper - Found explicit ContextLoader class [org.springframework.boot.test.SpringApplicationContextLoader] for context configuration attributes [ContextConfigurationAttributes@532ab3fb declaringClass = 'com.example.StoreDemoIntellijApplicationTests', classes = '{class com.StoreDemoIntellijApplication}', locations = '{}', inheritLocations = true, initializers = '{}', inheritInitializers = true, name = [null], contextLoaderClass = 'org.springframework.boot.test.SpringApplicationContextLoader']
15:25:01.187 [Test worker] DEBUG o.s.t.c.s.AbstractContextLoader - Did not detect default resource location for test class [com.example.StoreDemoIntellijApplicationTests]: class path resource [com/example/StoreDemoIntellijApplicationTests-context.xml] does not exist
15:25:01.188 [Test worker] DEBUG o.s.t.c.s.AbstractContextLoader - Did not detect default resource location for test class [com.example.StoreDemoIntellijApplicationTests]: class path resource [com/example/StoreDemoIntellijApplicationTestsContext.groovy] does not exist
15:25:01.188 [Test worker] INFO  o.s.t.c.s.AbstractContextLoader - Could not detect default resource locations for test class [com.example.StoreDemoIntellijApplicationTests]: no resource found for suffixes {-context.xml, Context.groovy}.
15:25:01.192 [Test worker] DEBUG o.s.t.c.support.ActiveProfilesUtils - Could not find an 'annotation declaring class' for annotation type [org.springframework.test.context.ActiveProfiles] and class [com.example.StoreDemoIntellijApplicationTests]
15:25:01.198 [Test worker] DEBUG o.s.t.c.w.WebTestContextBootstrapper - @TestExecutionListeners is not present for class [com.example.StoreDemoIntellijApplicationTests]: using defaults.
15:25:01.209 [Test worker] INFO  o.s.t.c.w.WebTestContextBootstrapper - Loaded default TestExecutionListener class names from location [META-INF/spring.factories]: [org.springframework.test.context.web.ServletTestExecutionListener, org.springframework.test.context.support.DirtiesContextBeforeModesTestExecutionListener, org.springframework.test.context.support.DependencyInjectionTestExecutionListener, org.springframework.test.context.support.DirtiesContextTestExecutionListener, org.springframework.test.context.transaction.TransactionalTestExecutionListener, org.springframework.test.context.jdbc.SqlScriptsTestExecutionListener]
15:25:01.249 [Test worker] INFO  o.s.t.c.w.WebTestContextBootstrapper - Using TestExecutionListeners: [org.springframework.test.context.web.ServletTestExecutionListener@7bbc975c, org.springframework.test.context.support.DirtiesContextBeforeModesTestExecutionListener@53f64474, org.springframework.test.context.support.DependencyInjectionTestExecutionListener@2dca1f2b, org.springframework.test.context.support.DirtiesContextTestExecutionListener@9b27a56, org.springframework.test.context.transaction.TransactionalTestExecutionListener@16ab1a4b, org.springframework.test.context.jdbc.SqlScriptsTestExecutionListener@779f390e]
15:25:01.252 [Test worker] DEBUG o.s.t.annotation.ProfileValueUtils - Retrieved @ProfileValueSourceConfiguration [null] for test class [com.example.StoreDemoIntellijApplicationTests]
15:25:01.253 [Test worker] DEBUG o.s.t.annotation.ProfileValueUtils - Retrieved ProfileValueSource type [class org.springframework.test.annotation.SystemProfileValueSource] for class [com.example.StoreDemoIntellijApplicationTests]
15:25:01.254 [Test worker] DEBUG o.s.t.annotation.ProfileValueUtils - Retrieved @ProfileValueSourceConfiguration [null] for test class [com.example.StoreDemoIntellijApplicationTests]
15:25:01.254 [Test worker] DEBUG o.s.t.annotation.ProfileValueUtils - Retrieved ProfileValueSource type [class org.springframework.test.annotation.SystemProfileValueSource] for class [com.example.StoreDemoIntellijApplicationTests]
15:25:01.256 [Test worker] DEBUG o.s.t.c.s.AbstractDirtiesContextTestExecutionListener - Before test class: context [DefaultTestContext@fdf890 testClass = StoreDemoIntellijApplicationTests, testInstance = [null], testMethod = [null], testException = [null], mergedContextConfiguration = [WebMergedContextConfiguration@59325dab testClass = StoreDemoIntellijApplicationTests, locations = '{}', classes = '{class com.StoreDemoIntellijApplication}', contextInitializerClasses = '[]', activeProfiles = '{}', propertySourceLocations = '{}', propertySourceProperties = '{}', resourceBasePath = 'src/main/webapp', contextLoader = 'org.springframework.boot.test.SpringApplicationContextLoader', parent = [null]]], class annotated with @DirtiesContext [false] with mode [null].
15:25:01.257 [Test worker] DEBUG o.s.t.annotation.ProfileValueUtils - Retrieved @ProfileValueSourceConfiguration [null] for test class [com.example.StoreDemoIntellijApplicationTests]
15:25:01.257 [Test worker] DEBUG o.s.t.annotation.ProfileValueUtils - Retrieved ProfileValueSource type [class org.springframework.test.annotation.SystemProfileValueSource] for class [com.example.StoreDemoIntellijApplicationTests]
15:25:01.399 [Test worker] DEBUG o.s.core.env.StandardEnvironment - Adding [systemProperties] PropertySource with lowest search precedence
15:25:01.401 [Test worker] DEBUG o.s.core.env.StandardEnvironment - Adding [systemEnvironment] PropertySource with lowest search precedence
15:25:01.401 [Test worker] DEBUG o.s.core.env.StandardEnvironment - Initialized StandardEnvironment with PropertySources [systemProperties,systemEnvironment]
15:25:01.404 [Test worker] DEBUG o.s.core.env.StandardEnvironment - Adding [integrationTest] PropertySource with search precedence immediately lower than [systemEnvironment]

  .   ____          _            __ _ _
 /\\ / ___'_ __ _ _(_)_ __  __ _ \ \ \ \
( ( )\___ | '_ | '_| | '_ \/ _` | \ \ \ \
 \\/  ___)| |_)| | | | | || (_| |  ) ) ) )
  '  |____| .__|_| |_|_| |_\__, | / / / /
 =========|_|==============|___/=/_/_/_/
 :: Spring Boot ::        (v1.3.0.RELEASE)

2015-12-23 15:25:01.823  INFO 14296 --- [    Test worker] c.e.StoreDemoIntellijApplicationTests    : Starting StoreDemoIntellijApplicationTests on LW002JLUTZ264 with PID 14296 (C:\Users\jlutz\IdeaProjects\StoreDemoIntellij4.0\build\classes\test started by jlutz in C:\Users\jlutz\IdeaProjects\StoreDemoIntellij4.0)
2015-12-23 15:25:01.824  INFO 14296 --- [    Test worker] c.e.StoreDemoIntellijApplicationTests    : No profiles are active
2015-12-23 15:25:02.092  INFO 14296 --- [    Test worker] o.s.w.c.s.GenericWebApplicationContext   : Refreshing org.springframework.web.context.support.GenericWebApplicationContext@454ed9e6: startup date [Wed Dec 23 15:25:02 EST 2015]; root of context hierarchy
2015-12-23 15:25:04.365  INFO 14296 --- [    Test worker] o.s.b.f.s.DefaultListableBeanFactory     : Overriding bean definition for bean 'beanNameViewResolver' with a different definition: replacing [Root bean: class [null]; scope=; abstract=false; lazyInit=false; autowireMode=3; dependencyCheck=0; autowireCandidate=true; primary=false; factoryBeanName=org.springframework.boot.autoconfigure.web.ErrorMvcAutoConfiguration$WhitelabelErrorViewConfiguration; factoryMethodName=beanNameViewResolver; initMethodName=null; destroyMethodName=(inferred); defined in class path resource [org/springframework/boot/autoconfigure/web/ErrorMvcAutoConfiguration$WhitelabelErrorViewConfiguration.class]] with [Root bean: class [null]; scope=; abstract=false; lazyInit=false; autowireMode=3; dependencyCheck=0; autowireCandidate=true; primary=false; factoryBeanName=org.springframework.boot.autoconfigure.web.WebMvcAutoConfiguration$WebMvcAutoConfigurationAdapter; factoryMethodName=beanNameViewResolver; initMethodName=null; destroyMethodName=(inferred); defined in class path resource [org/springframework/boot/autoconfigure/web/WebMvcAutoConfiguration$WebMvcAutoConfigurationAdapter.class]]
2015-12-23 15:25:06.066  INFO 14296 --- [    Test worker] trationDelegate$BeanPostProcessorChecker : Bean 'org.springframework.transaction.annotation.ProxyTransactionManagementConfiguration' of type [class org.springframework.transaction.annotation.ProxyTransactionManagementConfiguration$$EnhancerBySpringCGLIB$$6c536c2d] is not eligible for getting processed by all BeanPostProcessors (for example: not eligible for auto-proxying)
2015-12-23 15:25:07.410  INFO 14296 --- [    Test worker] j.LocalContainerEntityManagerFactoryBean : Building JPA container EntityManagerFactory for persistence unit 'default'
2015-12-23 15:25:07.442  INFO 14296 --- [    Test worker] o.hibernate.jpa.internal.util.LogHelper  : HHH000204: Processing PersistenceUnitInfo [
	name: default
	...]
2015-12-23 15:25:07.531  INFO 14296 --- [    Test worker] org.hibernate.Version                    : HHH000412: Hibernate Core {4.3.11.Final}
2015-12-23 15:25:07.533  INFO 14296 --- [    Test worker] org.hibernate.cfg.Environment            : HHH000206: hibernate.properties not found
2015-12-23 15:25:07.534  INFO 14296 --- [    Test worker] org.hibernate.cfg.Environment            : HHH000021: Bytecode provider name : javassist
2015-12-23 15:25:07.754  INFO 14296 --- [    Test worker] o.hibernate.annotations.common.Version   : HCANN000001: Hibernate Commons Annotations {4.0.5.Final}
2015-12-23 15:25:08.181  INFO 14296 --- [    Test worker] org.hibernate.dialect.Dialect            : HHH000400: Using dialect: org.hibernate.dialect.PostgreSQLDialect
2015-12-23 15:25:08.195  INFO 14296 --- [    Test worker] o.h.e.jdbc.internal.LobCreatorBuilder    : HHH000424: Disabling contextual LOB creation as createClob() method threw error : java.lang.reflect.InvocationTargetException
2015-12-23 15:25:08.302  INFO 14296 --- [    Test worker] o.h.h.i.ast.ASTQueryTranslatorFactory    : HHH000397: Using ASTQueryTranslatorFactory
2015-12-23 15:25:10.303  INFO 14296 --- [    Test worker] s.w.s.m.m.a.RequestMappingHandlerAdapter : Looking for @ControllerAdvice: org.springframework.web.context.support.GenericWebApplicationContext@454ed9e6: startup date [Wed Dec 23 15:25:02 EST 2015]; root of context hierarchy
2015-12-23 15:25:10.421  INFO 14296 --- [    Test worker] s.w.s.m.m.a.RequestMappingHandlerMapping : Mapped "{[/getcart]}" onto public com.classes.Cart com.controllers.CartController.getCart(java.lang.Integer)
2015-12-23 15:25:10.423  INFO 14296 --- [    Test worker] s.w.s.m.m.a.RequestMappingHandlerMapping : Mapped "{[/getcartitems]}" onto public java.util.List<com.classes.CartDetail> com.controllers.CartDetailController.GetCartItems(java.lang.Integer)
2015-12-23 15:25:10.424  INFO 14296 --- [    Test worker] s.w.s.m.m.a.RequestMappingHandlerMapping : Mapped "{[/addcartitem],methods=[POST]}" onto public void com.controllers.CartDetailController.AddCartItem(com.classes.CartDetail,java.lang.Integer)
2015-12-23 15:25:10.425  INFO 14296 --- [    Test worker] s.w.s.m.m.a.RequestMappingHandlerMapping : Mapped "{[/removecartitem],methods=[DELETE]}" onto public void com.controllers.CartDetailController.RemoveCartItem(java.lang.Integer)
2015-12-23 15:25:10.426  INFO 14296 --- [    Test worker] s.w.s.m.m.a.RequestMappingHandlerMapping : Mapped "{[/findcustomerbyusername]}" onto public com.classes.Customer com.controllers.CustomerController.FindCustomerByUsername(java.lang.String)
2015-12-23 15:25:10.426  INFO 14296 --- [    Test worker] s.w.s.m.m.a.RequestMappingHandlerMapping : Mapped "{[/findcustomerbyemail]}" onto public com.classes.Customer com.controllers.CustomerController.FindCustomerByEmail(java.lang.String)
2015-12-23 15:25:10.426  INFO 14296 --- [    Test worker] s.w.s.m.m.a.RequestMappingHandlerMapping : Mapped "{[/user]}" onto public java.security.Principal com.controllers.CustomerController.user(java.security.Principal)
2015-12-23 15:25:10.426  INFO 14296 --- [    Test worker] s.w.s.m.m.a.RequestMappingHandlerMapping : Mapped "{[/addcustomer]}" onto public void com.controllers.CustomerController.AddCustomer(com.classes.Customer)
2015-12-23 15:25:10.427  INFO 14296 --- [    Test worker] s.w.s.m.m.a.RequestMappingHandlerMapping : Mapped "{[/customers]}" onto public java.util.List<com.classes.Customer> com.controllers.CustomerController.GetAllCustomers()
2015-12-23 15:25:10.428  INFO 14296 --- [    Test worker] s.w.s.m.m.a.RequestMappingHandlerMapping : Mapped "{[/getallorders]}" onto public java.util.List<com.classes.CustomerOrder> com.controllers.CustomerOrderController.GetCustomerOrders()
2015-12-23 15:25:10.428  INFO 14296 --- [    Test worker] s.w.s.m.m.a.RequestMappingHandlerMapping : Mapped "{[/getcustomerorders]}" onto public java.util.List<com.classes.CustomerOrder> com.controllers.CustomerOrderController.GetCustomerOrders(java.lang.Integer)
2015-12-23 15:25:10.428  INFO 14296 --- [    Test worker] s.w.s.m.m.a.RequestMappingHandlerMapping : Mapped "{[/submitorder]}" onto public java.lang.Integer com.controllers.CustomerOrderController.AddCustomerOrder(java.lang.Integer)
2015-12-23 15:25:10.429  INFO 14296 --- [    Test worker] s.w.s.m.m.a.RequestMappingHandlerMapping : Mapped "{[/getcustomerorderitems]}" onto public java.util.List<com.classes.CustomerOrderDetail> com.controllers.CustomerOrderDetailController.GetCustomerOrderItems(java.lang.Integer)
2015-12-23 15:25:10.429  INFO 14296 --- [    Test worker] s.w.s.m.m.a.RequestMappingHandlerMapping : Mapped "{[/addcustomerorderitem]}" onto public void com.controllers.CustomerOrderDetailController.AddCustomerOrderItem(com.classes.CustomerOrderDetail)
2015-12-23 15:25:10.431  INFO 14296 --- [    Test worker] s.w.s.m.m.a.RequestMappingHandlerMapping : Mapped "{[/getProd]}" onto public com.classes.Product com.controllers.ProductController.getProduct(java.lang.Integer)
2015-12-23 15:25:10.432  INFO 14296 --- [    Test worker] s.w.s.m.m.a.RequestMappingHandlerMapping : Mapped "{[/getproducts]}" onto public java.util.List<com.classes.Product> com.controllers.ProductController.GetProducts()
2015-12-23 15:25:10.434  INFO 14296 --- [    Test worker] s.w.s.m.m.a.RequestMappingHandlerMapping : Mapped "{[/error]}" onto public org.springframework.http.ResponseEntity<java.util.Map<java.lang.String, java.lang.Object>> org.springframework.boot.autoconfigure.web.BasicErrorController.error(javax.servlet.http.HttpServletRequest)
2015-12-23 15:25:10.434  INFO 14296 --- [    Test worker] s.w.s.m.m.a.RequestMappingHandlerMapping : Mapped "{[/error],produces=[text/html]}" onto public org.springframework.web.servlet.ModelAndView org.springframework.boot.autoconfigure.web.BasicErrorController.errorHtml(javax.servlet.http.HttpServletRequest)
2015-12-23 15:25:10.442  INFO 14296 --- [    Test worker] o.s.w.s.c.a.WebMvcConfigurerAdapter      : Adding welcome page: ServletContext resource [/index.html]
2015-12-23 15:25:10.460  INFO 14296 --- [    Test worker] o.s.w.s.handler.SimpleUrlHandlerMapping  : Root mapping to handler of type [class org.springframework.web.servlet.mvc.ParameterizableViewController]
2015-12-23 15:25:10.475  INFO 14296 --- [    Test worker] o.s.w.s.handler.SimpleUrlHandlerMapping  : Mapped URL path [/webjars/**] onto handler of type [class org.springframework.web.servlet.resource.ResourceHttpRequestHandler]
2015-12-23 15:25:10.475  INFO 14296 --- [    Test worker] o.s.w.s.handler.SimpleUrlHandlerMapping  : Mapped URL path [/**] onto handler of type [class org.springframework.web.servlet.resource.ResourceHttpRequestHandler]
2015-12-23 15:25:10.538  INFO 14296 --- [    Test worker] o.s.w.s.handler.SimpleUrlHandlerMapping  : Mapped URL path [/**/favicon.ico] onto handler of type [class org.springframework.web.servlet.resource.ResourceHttpRequestHandler]
2015-12-23 15:25:10.871  INFO 14296 --- [    Test worker] b.a.s.AuthenticationManagerConfiguration : 

Using default security password: a0b7d852-96ea-42df-b268-814b0cdf2382

2015-12-23 15:25:10.963  INFO 14296 --- [    Test worker] o.s.s.web.DefaultSecurityFilterChain     : Creating filter chain: Ant [pattern='/css/**'], []
2015-12-23 15:25:10.963  INFO 14296 --- [    Test worker] o.s.s.web.DefaultSecurityFilterChain     : Creating filter chain: Ant [pattern='/js/**'], []
2015-12-23 15:25:10.963  INFO 14296 --- [    Test worker] o.s.s.web.DefaultSecurityFilterChain     : Creating filter chain: Ant [pattern='/images/**'], []
2015-12-23 15:25:10.963  INFO 14296 --- [    Test worker] o.s.s.web.DefaultSecurityFilterChain     : Creating filter chain: Ant [pattern='/**/favicon.ico'], []
2015-12-23 15:25:10.964  INFO 14296 --- [    Test worker] o.s.s.web.DefaultSecurityFilterChain     : Creating filter chain: Ant [pattern='/error'], []
2015-12-23 15:25:11.065  INFO 14296 --- [    Test worker] o.s.s.web.DefaultSecurityFilterChain     : Creating filter chain: OrRequestMatcher [requestMatchers=[Ant [pattern='/**']]], [org.springframework.security.web.context.request.async.WebAsyncManagerIntegrationFilter@293ed395, org.springframework.security.web.context.SecurityContextPersistenceFilter@75f0f183, org.springframework.security.web.header.HeaderWriterFilter@5360f5a2, org.springframework.security.web.authentication.logout.LogoutFilter@17de8363, org.springframework.security.web.authentication.www.BasicAuthenticationFilter@55869a4d, org.springframework.security.web.savedrequest.RequestCacheAwareFilter@578fb404, org.springframework.security.web.servletapi.SecurityContextHolderAwareRequestFilter@60eb4e8d, org.springframework.security.web.authentication.AnonymousAuthenticationFilter@35c0013, org.springframework.security.web.session.SessionManagementFilter@6112a717, org.springframework.security.web.access.ExceptionTranslationFilter@66608ee7, org.springframework.security.web.access.intercept.FilterSecurityInterceptor@6770bc67]
2015-12-23 15:25:11.256  INFO 14296 --- [    Test worker] c.e.StoreDemoIntellijApplicationTests    : Started StoreDemoIntellijApplicationTests in 9.834 seconds (JVM running for 11.165)
]]></system-out>
  <system-err><![CDATA[]]></system-err>
</testsuite>
